<?xml version="1.0" encoding="UTF-8"?>
<testng-results ignored="0" total="1" passed="1" failed="0" skipped="0">
  <reporter-output>
  </reporter-output>
  <suite started-at="2022-10-27T15:30:24 IST" name="Default suite" finished-at="2022-10-27T15:31:18 IST" duration-ms="54360">
    <groups>
    </groups>
    <test started-at="2022-10-27T15:30:24 IST" name="Default test" finished-at="2022-10-27T15:31:18 IST" duration-ms="54360">
      <class name="testCases.NewTest">
        <test-method is-config="true" signature="beforeTest()[pri:0, instance:testCases.NewTest@2b662a77]" started-at="2022-10-27T15:30:24 IST" name="beforeTest" finished-at="2022-10-27T15:30:25 IST" duration-ms="1528" status="PASS">
          <reporter-output>
          </reporter-output>
        </test-method> <!-- beforeTest -->
        <test-method signature="f()[pri:0, instance:testCases.NewTest@2b662a77]" started-at="2022-10-27T15:30:25 IST" name="f" finished-at="2022-10-27T15:31:17 IST" duration-ms="51698" status="PASS">
          <reporter-output>
          </reporter-output>
        </test-method> <!-- f -->
        <test-method is-config="true" signature="afterTest()[pri:0, instance:testCases.NewTest@2b662a77]" started-at="2022-10-27T15:31:17 IST" name="afterTest" finished-at="2022-10-27T15:31:18 IST" duration-ms="953" status="PASS">
          <reporter-output>
          </reporter-output>
        </test-method> <!-- afterTest -->
      </class> <!-- testCases.NewTest -->
    </test> <!-- Default test -->
  </suite> <!-- Default suite -->
</testng-results>
